<?xml version="1.0" encoding="UTF-8"?>
<!-- Generated by org.testng.reporters.JUnitReportReporter -->
<testsuite hostname="LAPTOP-K8VA9CKS" failures="0" tests="4" name="testNG_code.readefile" time="3.077" errors="0" timestamp="2026-05-22T16:29:58 IST" skipped="0">
  <testcase classname="testNG_code.readefile" name="writeData" time="2.567"/>
  <testcase classname="testNG_code.readefile" name="writeData" time="0.296"/>
  <testcase classname="testNG_code.readefile" name="writeData" time="0.139"/>
  <testcase classname="testNG_code.readefile" name="readData" time="0.075"/>
</testsuite> <!-- testNG_code.readefile -->
