<?xml version="1.0" encoding="UTF-8"?>
<!-- Generated by org.testng.reporters.JUnitReportReporter -->
<testsuite hostname="LAPTOP-K8VA9CKS" failures="0" tests="4" name="testNG_code.NewTest" time="19.858" errors="0" timestamp="2026-05-21T14:40:43 IST" skipped="0">
  <testcase classname="testNG_code.NewTest" name="validate_search" time="8.381"/>
  <testcase classname="testNG_code.NewTest" name="validate_search" time="3.590"/>
  <testcase classname="testNG_code.NewTest" name="validate_search" time="4.172"/>
  <testcase classname="testNG_code.NewTest" name="validate_search" time="3.715"/>
</testsuite> <!-- testNG_code.NewTest -->
