<?xml version="1.0" encoding="UTF-8"?>
<!-- Generated by org.testng.reporters.JUnitReportReporter -->
<testsuite hostname="LAPTOP-K8VA9CKS" failures="0" tests="3" name="testNG_code.Excel_data" time="0.032" errors="0" timestamp="2026-05-22T15:15:55 IST" skipped="0">
  <testcase classname="testNG_code.Excel_data" name="loginTest" time="0.005"/>
  <testcase classname="testNG_code.Excel_data" name="loginTest" time="0.023"/>
  <testcase classname="testNG_code.Excel_data" name="loginTest" time="0.004"/>
</testsuite> <!-- testNG_code.Excel_data -->
