<?xml version="1.0" encoding="UTF-8"?>
<!-- Generated by org.testng.reporters.JUnitReportReporter -->
<testsuite hostname="LAPTOP-K8VA9CKS" failures="0" tests="4" name="testNG_code.NewTestgroup" time="24.619" errors="0" timestamp="2026-05-21T21:22:54 IST" skipped="0">
  <testcase classname="testNG_code.NewTestgroup" name="multiple_search" time="13.325"/>
  <testcase classname="testNG_code.NewTestgroup" name="login" time="3.180"/>
  <testcase classname="testNG_code.NewTestgroup" name="registration" time="2.864"/>
  <testcase classname="testNG_code.NewTestgroup" name="add_to_cart" time="5.250"/>
</testsuite> <!-- testNG_code.NewTestgroup -->
