<?xml version="1.0" encoding="UTF-8"?>
<!-- Generated by org.testng.reporters.JUnitXMLReporter -->
<testsuite ignored="4" hostname="LAPTOP-K8VA9CKS" failures="4" tests="4" name="Test" time="0.161" errors="0" timestamp="2026-05-21T16:32:06 IST">
  <testcase classname="testNG_code.NewTestgroup" name="add_to_cart" time="0.03">
    <failure type="java.lang.NullPointerException" message="Cannot invoke &amp;quot;org.openqa.selenium.WebDriver.findElement(org.openqa.selenium.By)&amp;quot; because &amp;quot;this.driver&amp;quot; is null">
      <![CDATA[java.lang.NullPointerException: Cannot invoke "org.openqa.selenium.WebDriver.findElement(org.openqa.selenium.By)" because "this.driver" is null
at testNG_code.NewTestgroup.add_to_cart(NewTestgroup.java:122)
at java.base/java.util.ArrayList.forEach(ArrayList.java:1596)
... Removed 25 stack frames]]>
    </failure>
  </testcase> <!-- add_to_cart -->
  <testcase classname="testNG_code.NewTestgroup" name="login" time="0.008">
    <failure type="java.lang.NullPointerException" message="Cannot invoke &amp;quot;org.openqa.selenium.WebDriver.findElement(org.openqa.selenium.By)&amp;quot; because &amp;quot;this.driver&amp;quot; is null">
      <![CDATA[java.lang.NullPointerException: Cannot invoke "org.openqa.selenium.WebDriver.findElement(org.openqa.selenium.By)" because "this.driver" is null
at testNG_code.NewTestgroup.login(NewTestgroup.java:75)
at java.base/java.util.ArrayList.forEach(ArrayList.java:1596)
... Removed 25 stack frames]]>
    </failure>
  </testcase> <!-- login -->
  <testcase classname="testNG_code.NewTestgroup" name="multiple_search" time="0.005">
    <failure type="java.lang.NullPointerException" message="Cannot invoke &amp;quot;org.openqa.selenium.WebDriver.findElement(org.openqa.selenium.By)&amp;quot; because &amp;quot;this.driver&amp;quot; is null">
      <![CDATA[java.lang.NullPointerException: Cannot invoke "org.openqa.selenium.WebDriver.findElement(org.openqa.selenium.By)" because "this.driver" is null
at testNG_code.NewTestgroup.multiple_search(NewTestgroup.java:104)
at java.base/java.util.ArrayList.forEach(ArrayList.java:1596)
... Removed 25 stack frames]]>
    </failure>
  </testcase> <!-- multiple_search -->
  <testcase classname="testNG_code.NewTestgroup" name="registration" time="0.006">
    <failure type="java.lang.NullPointerException" message="Cannot invoke &amp;quot;org.openqa.selenium.WebDriver.findElement(org.openqa.selenium.By)&amp;quot; because &amp;quot;this.driver&amp;quot; is null">
      <![CDATA[java.lang.NullPointerException: Cannot invoke "org.openqa.selenium.WebDriver.findElement(org.openqa.selenium.By)" because "this.driver" is null
at testNG_code.NewTestgroup.registration(NewTestgroup.java:39)
at java.base/java.util.ArrayList.forEach(ArrayList.java:1596)
... Removed 25 stack frames]]>
    </failure>
  </testcase> <!-- registration -->
  <testcase classname="testNG_code.NewTestgroup" name="Change_name" time="0.0">
    <ignored/>
  </testcase> <!-- Change_name -->
  <testcase classname="testNG_code.NewTestgroup" name="change_Address" time="0.0">
    <ignored/>
  </testcase> <!-- change_Address -->
  <testcase classname="testNG_code.NewTestgroup" name="delete_cart_item" time="0.0">
    <ignored/>
  </testcase> <!-- delete_cart_item -->
  <testcase classname="testNG_code.NewTestgroup" name="product_details" time="0.0">
    <ignored/>
  </testcase> <!-- product_details -->
</testsuite> <!-- Test -->
