<?xml version="1.0" encoding="UTF-8"?>
<!-- Generated by org.testng.reporters.JUnitXMLReporter -->
<testsuite ignored="0" hostname="LAPTOP-K8VA9CKS" failures="1" tests="2" name="Test" time="0.33" errors="0" timestamp="2026-05-22T17:13:52 IST">
  <testcase classname="Listener_codes.Test_cases" name="test1" time="0.037"/>
  <testcase classname="Listener_codes.Test_cases" name="test2" time="0.016">
    <failure type="java.lang.IllegalAccessError" message="class Listener_codes.Test_cases (in unnamed module @0x15327b79) cannot access class com.sun.tools.javac.util.Assert (in module jdk.compiler) because module jdk.compiler does not export com.sun.tools.javac.util to unnamed module @0x15327b79">
      <![CDATA[java.lang.IllegalAccessError: class Listener_codes.Test_cases (in unnamed module @0x15327b79) cannot access class com.sun.tools.javac.util.Assert (in module jdk.compiler) because module jdk.compiler does not export com.sun.tools.javac.util to unnamed module @0x15327b79
at Listener_codes.Test_cases.test2(Test_cases.java:18)
at java.base/java.util.ArrayList.forEach(ArrayList.java:1596)
... Removed 25 stack frames]]>
    </failure>
  </testcase> <!-- test2 -->
</testsuite> <!-- Test -->
