<?xml version="1.0" encoding="UTF-8"?>
<!-- Generated by org.testng.reporters.JUnitReportReporter -->
<testsuite hostname="LAPTOP-K8VA9CKS" failures="0" tests="4" name="Stepdefination.TestRunner" time="81.112" errors="0" timestamp="2026-05-31T17:10:13 IST" skipped="0">
  <testcase classname="Stepdefination.TestRunner" name="runScenario" time="18.204"/>
  <testcase classname="Stepdefination.TestRunner" name="runScenario" time="16.968"/>
  <testcase classname="Stepdefination.TestRunner" name="runScenario" time="11.123"/>
  <testcase classname="Stepdefination.TestRunner" name="runScenario" time="34.817"/>
</testsuite> <!-- Stepdefination.TestRunner -->
