<?xml version="1.0" encoding="UTF-8"?>
<!-- Generated by org.testng.reporters.JUnitReportReporter -->
<testsuite hostname="LAPTOP-K8VA9CKS" failures="0" tests="4" name="Stepdefination.TestRunner" time="114.915" errors="0" timestamp="2026-06-01T17:35:24 IST" skipped="0">
  <testcase classname="Stepdefination.TestRunner" name="runScenario" time="32.475"/>
  <testcase classname="Stepdefination.TestRunner" name="runScenario" time="41.015"/>
  <testcase classname="Stepdefination.TestRunner" name="runScenario" time="18.810"/>
  <testcase classname="Stepdefination.TestRunner" name="runScenario" time="22.615"/>
</testsuite> <!-- Stepdefination.TestRunner -->
