<?xml version="1.0" encoding="UTF-8"?>
<!-- Generated by org.testng.reporters.JUnitXMLReporter -->
<testsuite ignored="8" hostname="LAPTOP-K8VA9CKS" failures="0" tests="0" time="0.027" errors="0" timestamp="2026-05-21T16:59:13 IST">
  <testcase classname="testNG_code.NewTestgroup" name="product_details" time="0.0">
    <ignored/>
  </testcase> <!-- product_details -->
  <testcase classname="testNG_code.NewTestgroup" name="Change_name" time="0.0">
    <ignored/>
  </testcase> <!-- Change_name -->
  <testcase classname="testNG_code.NewTestgroup" name="change_Address" time="0.0">
    <ignored/>
  </testcase> <!-- change_Address -->
  <testcase classname="testNG_code.NewTestgroup" name="login" time="0.0">
    <ignored/>
  </testcase> <!-- login -->
  <testcase classname="testNG_code.NewTestgroup" name="delete_cart_item" time="0.0">
    <ignored/>
  </testcase> <!-- delete_cart_item -->
  <testcase classname="testNG_code.NewTestgroup" name="registration" time="0.0">
    <ignored/>
  </testcase> <!-- registration -->
  <testcase classname="testNG_code.NewTestgroup" name="multiple_search" time="0.0">
    <ignored/>
  </testcase> <!-- multiple_search -->
  <testcase classname="testNG_code.NewTestgroup" name="add_to_cart" time="0.0">
    <ignored/>
  </testcase> <!-- add_to_cart -->
</testsuite>
